Performing C SOURCE FILE Test CMAKE_HAVE_LIBC_PTHREAD failed with the following output:
Change Dir: /home/lxl/work/someip_dev/vsomeip_demo/build/CMakeFiles/CMakeTmp

Run Build Command(s):/usr/bin/make cmTC_384db/fast && /usr/bin/make  -f CMakeFiles/cmTC_384db.dir/build.make CMakeFiles/cmTC_384db.dir/build
make[1]: Entering directory '/home/lxl/work/someip_dev/vsomeip_demo/build/CMakeFiles/CMakeTmp'
Building C object CMakeFiles/cmTC_384db.dir/src.c.o
/usr/bin/cc   -DCMAKE_HAVE_LIBC_PTHREAD -o CMakeFiles/cmTC_384db.dir/src.c.o -c /home/lxl/work/someip_dev/vsomeip_demo/build/CMakeFiles/CMakeTmp/src.c
Linking C executable cmTC_384db
/opt/cmake-3.18.0/bin/cmake -E cmake_link_script CMakeFiles/cmTC_384db.dir/link.txt --verbose=1
/usr/bin/cc  -DCMAKE_HAVE_LIBC_PTHREAD -rdynamic CMakeFiles/cmTC_384db.dir/src.c.o -o cmTC_384db 
CMakeFiles/cmTC_384db.dir/src.c.o：在函数‘main’中：
src.c:(.text+0x3c)：对‘pthread_create’未定义的引用
src.c:(.text+0x48)：对‘pthread_detach’未定义的引用
src.c:(.text+0x54)：对‘pthread_cancel’未定义的引用
src.c:(.text+0x65)：对‘pthread_join’未定义的引用
src.c:(.text+0x79)：对‘pthread_atfork’未定义的引用
collect2: error: ld returned 1 exit status
CMakeFiles/cmTC_384db.dir/build.make:105: recipe for target 'cmTC_384db' failed
make[1]: *** [cmTC_384db] Error 1
make[1]: Leaving directory '/home/lxl/work/someip_dev/vsomeip_demo/build/CMakeFiles/CMakeTmp'
Makefile:140: recipe for target 'cmTC_384db/fast' failed
make: *** [cmTC_384db/fast] Error 2


Source file was:
#include <pthread.h>

void* test_func(void* data)
{
  return data;
}

int main(void)
{
  pthread_t thread;
  pthread_create(&thread, NULL, test_func, NULL);
  pthread_detach(thread);
  pthread_cancel(thread);
  pthread_join(thread, NULL);
  pthread_atfork(NULL, NULL, NULL);
  pthread_exit(NULL);

  return 0;
}

Determining if the function pthread_create exists in the pthreads failed with the following output:
Change Dir: /home/lxl/work/someip_dev/vsomeip_demo/build/CMakeFiles/CMakeTmp

Run Build Command(s):/usr/bin/make cmTC_936bc/fast && /usr/bin/make  -f CMakeFiles/cmTC_936bc.dir/build.make CMakeFiles/cmTC_936bc.dir/build
make[1]: Entering directory '/home/lxl/work/someip_dev/vsomeip_demo/build/CMakeFiles/CMakeTmp'
Building C object CMakeFiles/cmTC_936bc.dir/CheckFunctionExists.c.o
/usr/bin/cc   -DCHECK_FUNCTION_EXISTS=pthread_create -o CMakeFiles/cmTC_936bc.dir/CheckFunctionExists.c.o -c /opt/cmake-3.18.0/share/cmake-3.18/Modules/CheckFunctionExists.c
Linking C executable cmTC_936bc
/opt/cmake-3.18.0/bin/cmake -E cmake_link_script CMakeFiles/cmTC_936bc.dir/link.txt --verbose=1
/usr/bin/cc  -DCHECK_FUNCTION_EXISTS=pthread_create -rdynamic CMakeFiles/cmTC_936bc.dir/CheckFunctionExists.c.o -o cmTC_936bc  -lpthreads 
/usr/bin/ld: 找不到 -lpthreads
collect2: error: ld returned 1 exit status
CMakeFiles/cmTC_936bc.dir/build.make:105: recipe for target 'cmTC_936bc' failed
make[1]: *** [cmTC_936bc] Error 1
make[1]: Leaving directory '/home/lxl/work/someip_dev/vsomeip_demo/build/CMakeFiles/CMakeTmp'
Makefile:140: recipe for target 'cmTC_936bc/fast' failed
make: *** [cmTC_936bc/fast] Error 2



